<?xml version="1.0" encoding="UTF-8"?>
<!-- Generated by org.testng.reporters.JUnitReportReporter -->
<testsuite hostname="Arvind" failures="0" tests="1" name="com.RestAPI.FirstClass" time="3.057" errors="0" timestamp="2024-04-14T22:25:03 IST" skipped="0">
  <testcase classname="com.RestAPI.FirstClass" name="getUsers" time="3.057"/>
  <system-out/>
</testsuite> <!-- com.RestAPI.FirstClass -->
