<?xml version="1.0" encoding="UTF-8"?>
<!-- Generated by org.testng.reporters.JUnitReportReporter -->
<testsuite hostname="Arvind" failures="0" tests="4" name="com.RestAPI.FirstClass" time="4.365" errors="0" timestamp="2024-04-14T23:34:16 IST" skipped="0">
  <testcase classname="com.RestAPI.FirstClass" name="getUsers" time="2.672"/>
  <system-out/>
  <testcase classname="com.RestAPI.FirstClass" name="createUser" time="0.834"/>
  <system-out/>
  <testcase classname="com.RestAPI.FirstClass" name="updateuser" time="0.417"/>
  <system-out/>
  <testcase classname="com.RestAPI.FirstClass" name="deleteuser" time="0.442"/>
  <system-out/>
</testsuite> <!-- com.RestAPI.FirstClass -->
