<?xml version="1.0" encoding="UTF-8"?>
<!-- Generated by org.testng.reporters.JUnitReportReporter -->
<testsuite hostname="Arvind" failures="0" tests="4" name="com.RestAPI.PostTypes" time="1.744" errors="0" timestamp="2024-04-17T00:47:18 IST" skipped="3">
  <testcase classname="com.RestAPI.PostTypes" name="usingExternalFile" time="1.744"/>
  <system-out/>
  <testcase classname="com.RestAPI.PostTypes" name="usingPOGO">
    <skipped/>
  </testcase> <!-- usingPOGO -->
  <system-out/>
  <testcase classname="com.RestAPI.PostTypes" name="postUsingHashMap">
    <skipped/>
  </testcase> <!-- postUsingHashMap -->
  <system-out/>
  <testcase classname="com.RestAPI.PostTypes" name="UsingJson">
    <skipped/>
  </testcase> <!-- UsingJson -->
  <system-out/>
</testsuite> <!-- com.RestAPI.PostTypes -->
